<!DOCTYPE html>
<html>
<head>
    <title>Unittest Results</title>
    <meta charset="utf-8">
    <meta name="viewport" content="width=device-width, initial-scale=1.0">
    <link rel="stylesheet" href="https://maxcdn.bootstrapcdn.com/bootstrap/3.3.6/css/bootstrap.min.css" integrity="sha384-1q8mTJOASx8j1Au+a5WDVnPi2lkFfwwEAa8hDDdjZlpLegxhjVME1fgjWPGmkzs7" crossorigin="anonymous">
</head>
<body>
    <div class="container">
        <div class="row">
            <div class="col-xs-12">
                <h2 class="text-capitalize">Unittest Results</h2>
                <p class='attribute'><strong>Start Time: </strong>2025-01-12 21:12:30</p>
                <p class='attribute'><strong>Duration: </strong>86.23 s</p>
                <p class='attribute'><strong>Summary: </strong>Total: 4, Pass: 3, Error: 1</p>
            </div>
        </div>
        <div class="row">
            <div class="col-xs-12 col-sm-10 col-md-10">
                <table class='table table-hover table-responsive'>
                    <thead>
                        <tr>
                            <th>__main__.SauceDemoTests</th>
                            <th>Status</th>
                            <th></th>
                        </tr>
                    </thead>
                    <tbody>
                        <tr class='success'>
                            <td class="col-xs-10">test_cart_functionality</td>
                            <td class="col-xs-1">
                                <span class="label label-success" style="display:block;width:40px;">Pass</span>
                            </td>
                            <td class="col-xs-1">
                            </td>
                        </tr>
                        <tr class='warning'>
                            <td class="col-xs-10">test_invalid_payment_details</td>
                            <td class="col-xs-1">
                                <span class="label label-warning" style="display:block;width:40px;">Error</span>
                            </td>
                            <td class="col-xs-1">
                                <button class="btn btn-default btn-xs">View</button>
                            </td>
                        </tr>
                        <tr style="display:none;">
                            <td class="col-xs-9" colspan="3"><p style="color:maroon;">NoSuchElementException: Message: no such element: Unable to locate element: {"method":"css selector","selector":".error-message-container"}
  (Session info: chrome=131.0.6778.205); For documentation on this error, please visit: https://www.selenium.dev/documentation/webdriver/troubleshooting/errors#no-such-element-exception
Stacktrace:
	GetHandleVerifier [0x00007FF6AC9D80D5+2992373]
	(No symbol) [0x00007FF6AC66BFD0]
	(No symbol) [0x00007FF6AC50590A]
	(No symbol) [0x00007FF6AC55926E]
	(No symbol) [0x00007FF6AC55955C]
	(No symbol) [0x00007FF6AC5A27D7]
	(No symbol) [0x00007FF6AC57F3AF]
	(No symbol) [0x00007FF6AC59F584]
	(No symbol) [0x00007FF6AC57F113]
	(No symbol) [0x00007FF6AC54A918]
	(No symbol) [0x00007FF6AC54BA81]
	GetHandleVerifier [0x00007FF6ACA36A2D+3379789]
	GetHandleVerifier [0x00007FF6ACA4C32D+3468109]
	GetHandleVerifier [0x00007FF6ACA40043+3418211]
	GetHandleVerifier [0x00007FF6AC7CC78B+847787]
	(No symbol) [0x00007FF6AC67757F]
	(No symbol) [0x00007FF6AC672FC4]
	(No symbol) [0x00007FF6AC67315D]
	(No symbol) [0x00007FF6AC662979]
	BaseThreadInitThunk [0x00007FFCEC5F259D+29]
	RtlUserThreadStart [0x00007FFCED2AAF38+40]
</p><p style="color:maroon;">Traceback (most recent call last):
  File "C:\Users\Public\carttest.py", line 96, in test_invalid_payment_details
    self.checkout_with_invalid_payment_details()
  File "C:\Users\Public\carttest.py", line 79, in checkout_with_invalid_payment_details
    error_message = driver.find_element(By.CLASS_NAME, "error-message-container").text
  File "C:\Users\Rithish\AppData\Local\Packages\PythonSoftwareFoundation.Python.3.10_qbz5n2kfra8p0\LocalCache\local-packages\Python310\site-packages\selenium\webdriver\remote\webdriver.py", line 770, in find_element
    return self.execute(Command.FIND_ELEMENT, {"using": by, "value": value})["value"]
  File "C:\Users\Rithish\AppData\Local\Packages\PythonSoftwareFoundation.Python.3.10_qbz5n2kfra8p0\LocalCache\local-packages\Python310\site-packages\selenium\webdriver\remote\webdriver.py", line 384, in execute
    self.error_handler.check_response(response)
  File "C:\Users\Rithish\AppData\Local\Packages\PythonSoftwareFoundation.Python.3.10_qbz5n2kfra8p0\LocalCache\local-packages\Python310\site-packages\selenium\webdriver\remote\errorhandler.py", line 232, in check_response
    raise exception_class(message, screen, stacktrace)
selenium.common.exceptions.NoSuchElementException: Message: no such element: Unable to locate element: {"method":"css selector","selector":".error-message-container"}
  (Session info: chrome=131.0.6778.205); For documentation on this error, please visit: https://www.selenium.dev/documentation/webdriver/troubleshooting/errors#no-such-element-exception
Stacktrace:
	GetHandleVerifier [0x00007FF6AC9D80D5+2992373]
	(No symbol) [0x00007FF6AC66BFD0]
	(No symbol) [0x00007FF6AC50590A]
	(No symbol) [0x00007FF6AC55926E]
	(No symbol) [0x00007FF6AC55955C]
	(No symbol) [0x00007FF6AC5A27D7]
	(No symbol) [0x00007FF6AC57F3AF]
	(No symbol) [0x00007FF6AC59F584]
	(No symbol) [0x00007FF6AC57F113]
	(No symbol) [0x00007FF6AC54A918]
	(No symbol) [0x00007FF6AC54BA81]
	GetHandleVerifier [0x00007FF6ACA36A2D+3379789]
	GetHandleVerifier [0x00007FF6ACA4C32D+3468109]
	GetHandleVerifier [0x00007FF6ACA40043+3418211]
	GetHandleVerifier [0x00007FF6AC7CC78B+847787]
	(No symbol) [0x00007FF6AC67757F]
	(No symbol) [0x00007FF6AC672FC4]
	(No symbol) [0x00007FF6AC67315D]
	(No symbol) [0x00007FF6AC662979]
	BaseThreadInitThunk [0x00007FFCEC5F259D+29]
	RtlUserThreadStart [0x00007FFCED2AAF38+40]

</p>
                            </td>
                        </tr>
                        <tr class='success'>
                            <td class="col-xs-10">test_missing_shipping_details</td>
                            <td class="col-xs-1">
                                <span class="label label-success" style="display:block;width:40px;">Pass</span>
                            </td>
                            <td class="col-xs-1">
                            </td>
                        </tr>
                        <tr class='success'>
                            <td class="col-xs-10">test_valid_shipping_details</td>
                            <td class="col-xs-1">
                                <span class="label label-success" style="display:block;width:40px;">Pass</span>
                            </td>
                            <td class="col-xs-1">
                            </td>
                        </tr>
                        <tr>
                            <td colspan="3">
                                Total: 4, Pass: 3, Error: 1 -- Duration: 86.23 s
                            </td>
                        </tr>
                    </tbody>
                </table>
            </div>
        </div>
    </div>
    <script src="https://ajax.googleapis.com/ajax/libs/jquery/2.2.4/jquery.min.js"></script>
    <script type="text/javascript">
        $(document).ready(function(){
            $('td').on('click', '.btn', function(e){
                e.preventDefault();
                e.stopImmediatePropagation();
                var $this = $(this);
                var $nextRow = $this.closest('tr').next('tr');
                $nextRow.slideToggle("fast");
                $this.text(function(i, text){
                    if (text === 'View') {
                        return 'Hide';
                    } else {
                        return 'View';
                    };
                });
            });
        });
    </script>
</body>
</html