<!DOCTYPE html>
<html>
<head>
    <title>Unittest Results</title>
    <meta charset="utf-8">
    <meta name="viewport" content="width=device-width, initial-scale=1.0">
    <link rel="stylesheet" href="https://maxcdn.bootstrapcdn.com/bootstrap/3.3.6/css/bootstrap.min.css" integrity="sha384-1q8mTJOASx8j1Au+a5WDVnPi2lkFfwwEAa8hDDdjZlpLegxhjVME1fgjWPGmkzs7" crossorigin="anonymous">
</head>
<body>
    <div class="container">
        <div class="row">
            <div class="col-xs-12">
                <h2 class="text-capitalize">Unittest Results</h2>
                <p class='attribute'><strong>Start Time: </strong>2025-01-18 10:39:31</p>
                <p class='attribute'><strong>Duration: </strong>65.31 s</p>
                <p class='attribute'><strong>Summary: </strong>Total: 4, Pass: 3, Error: 1</p>
            </div>
        </div>
        <div class="row">
            <div class="col-xs-12 col-sm-10 col-md-10">
                <table class='table table-hover table-responsive'>
                    <thead>
                        <tr>
                            <th>__main__.SauceDemoTests</th>
                            <th>Status</th>
                            <th></th>
                        </tr>
                    </thead>
                    <tbody>
                        <tr class='success'>
                            <td class="col-xs-10">test_cart_functionality</td>
                            <td class="col-xs-1">
                                <span class="label label-success" style="display:block;width:40px;">Pass</span>
                            </td>
                            <td class="col-xs-1">
                            </td>
                        </tr>
                        <tr class='warning'>
                            <td class="col-xs-10">test_invalid_payment_details</td>
                            <td class="col-xs-1">
                                <span class="label label-warning" style="display:block;width:40px;">Error</span>
                            </td>
                            <td class="col-xs-1">
                                <button class="btn btn-default btn-xs">View</button>
                            </td>
                        </tr>
                        <tr style="display:none;">
                            <td class="col-xs-9" colspan="3"><p style="color:maroon;">NoSuchElementException: Message: no such element: Unable to locate element: {"method":"css selector","selector":".error-message-container"}
  (Session info: chrome=131.0.6778.266); For documentation on this error, please visit: https://www.selenium.dev/documentation/webdriver/troubleshooting/errors#no-such-element-exception
Stacktrace:
	GetHandleVerifier [0x00007FF748C380D5+2992373]
	(No symbol) [0x00007FF7488CBFD0]
	(No symbol) [0x00007FF74876590A]
	(No symbol) [0x00007FF7487B926E]
	(No symbol) [0x00007FF7487B955C]
	(No symbol) [0x00007FF7488027D7]
	(No symbol) [0x00007FF7487DF3AF]
	(No symbol) [0x00007FF7487FF584]
	(No symbol) [0x00007FF7487DF113]
	(No symbol) [0x00007FF7487AA918]
	(No symbol) [0x00007FF7487ABA81]
	GetHandleVerifier [0x00007FF748C96A2D+3379789]
	GetHandleVerifier [0x00007FF748CAC32D+3468109]
	GetHandleVerifier [0x00007FF748CA0043+3418211]
	GetHandleVerifier [0x00007FF748A2C78B+847787]
	(No symbol) [0x00007FF7488D757F]
	(No symbol) [0x00007FF7488D2FC4]
	(No symbol) [0x00007FF7488D315D]
	(No symbol) [0x00007FF7488C2979]
	BaseThreadInitThunk [0x00007FFE928D259D+29]
	RtlUserThreadStart [0x00007FFE93DCAF38+40]
</p><p style="color:maroon;">Traceback (most recent call last):
  File "C:\Users\nived\Documents\AMRITA\JOB\farmto plate\checkout.py", line 96, in test_invalid_payment_details
    self.checkout_with_invalid_payment_details()
  File "C:\Users\nived\Documents\AMRITA\JOB\farmto plate\checkout.py", line 79, in checkout_with_invalid_payment_details
    error_message = driver.find_element(By.CLASS_NAME, "error-message-container").text
                    ^^^^^^^^^^^^^^^^^^^^^^^^^^^^^^^^^^^^^^^^^^^^^^^^^^^^^^^^^^^^^
  File "C:\Users\nived\AppData\Local\Programs\Python\Python312\Lib\site-packages\selenium\webdriver\remote\webdriver.py", line 770, in find_element
    return self.execute(Command.FIND_ELEMENT, {"using": by, "value": value})["value"]
           ^^^^^^^^^^^^^^^^^^^^^^^^^^^^^^^^^^^^^^^^^^^^^^^^^^^^^^^^^^^^^^^^^
  File "C:\Users\nived\AppData\Local\Programs\Python\Python312\Lib\site-packages\selenium\webdriver\remote\webdriver.py", line 384, in execute
    self.error_handler.check_response(response)
  File "C:\Users\nived\AppData\Local\Programs\Python\Python312\Lib\site-packages\selenium\webdriver\remote\errorhandler.py", line 232, in check_response
    raise exception_class(message, screen, stacktrace)
selenium.common.exceptions.NoSuchElementException: Message: no such element: Unable to locate element: {"method":"css selector","selector":".error-message-container"}
  (Session info: chrome=131.0.6778.266); For documentation on this error, please visit: https://www.selenium.dev/documentation/webdriver/troubleshooting/errors#no-such-element-exception
Stacktrace:
	GetHandleVerifier [0x00007FF748C380D5+2992373]
	(No symbol) [0x00007FF7488CBFD0]
	(No symbol) [0x00007FF74876590A]
	(No symbol) [0x00007FF7487B926E]
	(No symbol) [0x00007FF7487B955C]
	(No symbol) [0x00007FF7488027D7]
	(No symbol) [0x00007FF7487DF3AF]
	(No symbol) [0x00007FF7487FF584]
	(No symbol) [0x00007FF7487DF113]
	(No symbol) [0x00007FF7487AA918]
	(No symbol) [0x00007FF7487ABA81]
	GetHandleVerifier [0x00007FF748C96A2D+3379789]
	GetHandleVerifier [0x00007FF748CAC32D+3468109]
	GetHandleVerifier [0x00007FF748CA0043+3418211]
	GetHandleVerifier [0x00007FF748A2C78B+847787]
	(No symbol) [0x00007FF7488D757F]
	(No symbol) [0x00007FF7488D2FC4]
	(No symbol) [0x00007FF7488D315D]
	(No symbol) [0x00007FF7488C2979]
	BaseThreadInitThunk [0x00007FFE928D259D+29]
	RtlUserThreadStart [0x00007FFE93DCAF38+40]

</p>
                            </td>
                        </tr>
                        <tr class='success'>
                            <td class="col-xs-10">test_missing_shipping_details</td>
                            <td class="col-xs-1">
                                <span class="label label-success" style="display:block;width:40px;">Pass</span>
                            </td>
                            <td class="col-xs-1">
                            </td>
                        </tr>
                        <tr class='success'>
                            <td class="col-xs-10">test_valid_shipping_details</td>
                            <td class="col-xs-1">
                                <span class="label label-success" style="display:block;width:40px;">Pass</span>
                            </td>
                            <td class="col-xs-1">
                            </td>
                        </tr>
                        <tr>
                            <td colspan="3">
                                Total: 4, Pass: 3, Error: 1 -- Duration: 65.31 s
                            </td>
                        </tr>
                    </tbody>
                </table>
            </div>
        </div>
    </div>
    <script src="https://ajax.googleapis.com/ajax/libs/jquery/2.2.4/jquery.min.js"></script>
    <script type="text/javascript">
        $(document).ready(function(){
            $('td').on('click', '.btn', function(e){
                e.preventDefault();
                e.stopImmediatePropagation();
                var $this = $(this);
                var $nextRow = $this.closest('tr').next('tr');
                $nextRow.slideToggle("fast");
                $this.text(function(i, text){
                    if (text === 'View') {
                        return 'Hide';
                    } else {
                        return 'View';
                    };
                });
            });
        });
    </script>
</body>
</html